SF:lib\core\network\connectivity_checker.dart
DA:11,2
DA:12,1
DA:16,1
DA:18,2
DA:19,3
LF:5
LH:5
end_of_record
SF:lib\core\database\app_database.dart
DA:30,3
DA:31,3
DA:32,3
DA:36,0
DA:37,0
DA:38,0
DA:42,6
DA:52,6
DA:63,0
DA:64,0
DA:65,0
DA:66,0
LF:12
LH:5
end_of_record
SF:lib\features\favourites\data\dtos\favourite_dto.dart
DA:10,3
DA:24,2
DA:25,2
DA:26,4
DA:27,6
DA:30,2
DA:31,2
DA:32,2
DA:34,2
DA:35,2
DA:39,4
DA:40,2
DA:41,2
DA:42,4
DA:43,2
DA:44,2
LF:16
LH:16
end_of_record
SF:lib\features\favourites\data\datasources\favourites_local_data_source.dart
DA:16,1
DA:20,1
DA:22,2
DA:26,2
DA:29,1
DA:31,2
DA:33,1
DA:38,1
DA:40,2
DA:43,1
LF:10
LH:10
end_of_record
SF:lib\features\favourites\data\repositories\favourites_repository_impl.dart
DA:9,1
DA:13,1
DA:15,2
DA:16,4
DA:19,1
DA:21,3
DA:23,1
DA:24,2
LF:8
LH:8
end_of_record
SF:lib\features\search\domain\models\book.dart
DA:10,8
DA:29,3
DA:30,12
DA:33,8
DA:37,8
DA:39,2
DA:41,2
DA:42,2
DA:43,2
DA:44,2
DA:45,2
DA:46,2
DA:47,2
LF:13
LH:13
end_of_record
SF:lib\features\favourites\data\mappers\favourite_mapper.dart
DA:7,2
DA:8,1
DA:9,1
DA:10,1
DA:11,1
DA:12,1
DA:17,2
DA:18,1
DA:19,1
DA:20,1
DA:21,1
DA:22,1
LF:12
LH:12
end_of_record
SF:lib\features\favourites\presentation\viewmodels\favourites_view_model.dart
DA:12,5
DA:20,2
DA:21,8
DA:22,15
DA:24,2
DA:25,2
DA:26,2
DA:28,4
DA:29,2
DA:30,2
DA:31,10
DA:33,2
DA:34,2
DA:39,2
DA:40,4
DA:43,6
DA:45,6
DA:47,2
DA:51,6
DA:53,4
DA:57,0
DA:59,3
DA:61,1
LF:23
LH:22
end_of_record
SF:lib\core\error\exceptions.dart
DA:9,5
DA:13,0
DA:14,0
DA:19,4
DA:20,8
DA:27,2
LF:6
LH:4
end_of_record
SF:lib\features\search\data\datasources\book_detail_remote_data_source.dart
DA:20,2
DA:26,2
DA:28,4
DA:30,4
DA:32,4
DA:33,4
DA:36,4
DA:37,2
DA:41,2
LF:9
LH:9
end_of_record
SF:lib\features\search\data\dtos\work_dto.dart
DA:7,3
DA:21,3
DA:22,3
DA:23,3
DA:24,3
DA:25,6
DA:26,6
DA:27,6
DA:32,3
DA:33,3
DA:36,3
DA:37,2
DA:38,2
DA:45,3
DA:46,7
DA:49,3
DA:50,3
DA:51,2
DA:52,1
LF:19
LH:19
end_of_record
SF:lib\features\favourites\presentation\widgets\favourite_button.dart
DA:11,4
DA:15,4
DA:18,16
DA:20,4
DA:21,4
DA:22,6
DA:24,4
LF:7
LH:7
end_of_record
SF:lib\features\search\data\datasources\search_cache_data_source.dart
DA:10,2
DA:30,2
DA:34,1
DA:41,2
DA:43,1
DA:47,3
DA:53,1
DA:55,2
DA:58,1
DA:61,1
DA:65,1
DA:66,2
DA:68,1
DA:69,1
DA:70,1
DA:72,2
DA:75,2
DA:76,1
DA:77,1
DA:78,1
DA:79,1
DA:80,1
DA:83,2
DA:84,1
DA:85,1
DA:87,3
DA:88,1
DA:89,1
LF:28
LH:28
end_of_record
SF:lib\features\search\data\datasources\search_remote_data_source.dart
DA:24,3
DA:31,2
DA:36,4
DA:38,2
DA:41,4
DA:43,4
DA:44,4
DA:47,4
DA:48,2
DA:52,2
LF:10
LH:10
end_of_record
SF:lib\features\search\data\dtos\search_response_dto.dart
DA:8,3
DA:16,3
DA:17,3
DA:18,3
DA:20,3
DA:21,3
DA:22,3
DA:25,3
DA:26,7
LF:9
LH:9
end_of_record
SF:lib\features\search\data\dtos\book_dto.dart
DA:7,3
DA:21,3
DA:22,3
DA:23,3
DA:24,3
DA:25,6
DA:26,6
DA:27,6
DA:32,3
DA:33,3
DA:34,4
DA:36,3
DA:37,1
DA:43,4
DA:44,4
DA:47,3
DA:48,1
LF:17
LH:17
end_of_record
SF:lib\features\favourites\presentation\screens\favourites_screen.dart
DA:13,1
DA:15,1
DA:17,1
DA:18,1
DA:20,1
DA:21,1
DA:22,1
DA:23,1
DA:24,1
DA:27,1
DA:30,1
DA:31,1
DA:32,1
DA:33,1
DA:34,1
DA:36,1
DA:37,0
DA:48,1
DA:50,1
DA:52,1
DA:53,1
DA:55,1
DA:56,1
DA:59,3
LF:24
LH:23
end_of_record
SF:lib\features\search\presentation\widgets\book_tile.dart
DA:11,2
DA:22,2
DA:24,2
DA:25,2
DA:26,2
DA:29,6
DA:31,6
DA:32,2
DA:33,10
DA:37,2
LF:10
LH:10
end_of_record
SF:lib\features\search\data\mappers\book_mapper.dart
DA:10,2
DA:11,8
DA:12,2
DA:13,2
DA:15,2
DA:16,2
DA:17,2
LF:7
LH:7
end_of_record
SF:lib\features\search\data\repositories\search_repository_impl.dart
DA:19,2
DA:29,1
DA:35,2
DA:37,5
DA:38,2
DA:41,1
DA:44,1
DA:45,2
DA:48,1
DA:49,1
DA:55,1
DA:60,3
DA:61,1
DA:64,2
DA:66,1
DA:69,1
DA:70,1
DA:71,1
DA:72,1
LF:19
LH:19
end_of_record
SF:lib\core\error\failure.dart
DA:9,2
DA:13,0
DA:14,0
DA:19,2
DA:23,0
DA:24,0
DA:29,2
DA:34,1
DA:39,0
LF:9
LH:4
end_of_record
SF:lib\core\error\failure_mapper.dart
DA:11,2
DA:13,6
DA:14,2
DA:15,4
DA:16,3
DA:17,2
DA:18,6
LF:7
LH:7
end_of_record
SF:lib\core\error\result.dart
DA:7,4
DA:10,4
DA:16,12
DA:17,12
DA:23,4
DA:29,2
LF:6
LH:6
end_of_record
SF:lib\features\search\domain\models\search_result.dart
DA:13,3
DA:25,3
DA:27,0
DA:28,0
LF:4
LH:2
end_of_record
SF:lib\features\search\presentation\screens\detail_screen.dart
DA:14,0
DA:15,0
DA:16,0
DA:17,0
DA:18,0
DA:19,0
DA:29,1
DA:31,1
DA:32,1
DA:36,1
DA:38,1
DA:41,3
DA:42,1
DA:43,3
DA:48,1
DA:50,1
DA:51,1
DA:54,3
DA:55,2
DA:58,1
DA:59,1
DA:60,1
DA:61,3
DA:64,1
DA:65,3
DA:66,3
DA:73,1
DA:77,1
DA:79,2
DA:81,1
DA:83,1
DA:84,1
DA:85,1
DA:86,1
DA:87,3
DA:91,4
DA:93,4
DA:95,5
DA:96,4
DA:98,2
DA:100,1
DA:103,1
DA:104,3
DA:105,2
DA:109,1
DA:110,2
DA:111,1
DA:112,4
DA:119,1
DA:123,1
DA:125,1
DA:126,1
DA:128,1
DA:130,1
DA:131,1
DA:134,3
DA:142,2
DA:144,1
DA:145,0
LF:59
LH:52
end_of_record
SF:lib\shared\cover_image.dart
DA:8,3
DA:19,3
DA:21,3
DA:23,3
DA:26,0
DA:28,0
DA:29,0
DA:31,0
DA:35,0
DA:39,6
DA:41,3
DA:43,9
DA:47,6
DA:48,3
DA:49,3
DA:50,9
LF:16
LH:11
end_of_record
SF:lib\features\search\domain\models\book_detail.dart
DA:8,3
DA:31,2
DA:32,6
DA:34,5
DA:37,2
DA:38,8
DA:40,4
DA:42,0
DA:44,1
DA:45,1
DA:46,1
DA:47,1
DA:48,1
DA:49,1
DA:50,1
DA:51,1
DA:52,1
LF:17
LH:16
end_of_record
SF:lib\features\search\presentation\viewmodels\detail_state.dart
DA:7,3
DA:9,0
DA:10,0
DA:14,1
DA:18,2
DA:22,0
DA:23,0
DA:27,2
DA:31,0
DA:32,0
LF:10
LH:4
end_of_record
SF:lib\features\search\presentation\viewmodels\detail_view_model.dart
DA:14,2
DA:23,4
DA:25,2
DA:26,2
DA:27,6
DA:28,2
DA:29,6
DA:30,8
DA:34,2
DA:35,2
DA:36,2
LF:11
LH:11
end_of_record
SF:lib\features\search\data\mappers\work_mapper.dart
DA:11,2
DA:16,8
DA:17,2
DA:18,4
DA:21,2
DA:22,2
DA:23,2
DA:33,2
DA:34,2
DA:37,10
DA:38,4
LF:11
LH:11
end_of_record
SF:lib\features\search\presentation\screens\search_screen.dart
DA:15,0
DA:17,2
DA:18,2
DA:24,2
DA:26,2
DA:27,6
DA:30,0
DA:32,0
DA:33,0
DA:34,0
DA:38,2
DA:40,2
DA:41,4
DA:42,2
DA:43,2
DA:46,2
DA:48,2
DA:50,2
DA:51,2
DA:53,2
DA:54,2
DA:57,0
DA:58,0
DA:59,0
DA:65,2
DA:66,2
DA:67,2
DA:69,2
DA:77,4
DA:80,8
DA:90,2
DA:95,2
DA:97,2
DA:98,2
DA:102,1
DA:103,1
DA:107,3
DA:108,4
DA:109,1
DA:110,1
DA:111,1
DA:112,1
DA:113,1
DA:114,1
DA:115,2
DA:116,1
DA:117,2
DA:123,1
DA:124,1
DA:126,1
DA:127,0
DA:140,1
DA:142,1
DA:144,2
DA:145,1
DA:147,1
DA:149,1
DA:150,1
DA:151,2
DA:153,1
DA:154,1
DA:156,2
DA:166,1
DA:171,2
DA:173,2
DA:174,2
DA:176,2
DA:177,10
DA:179,4
DA:187,1
DA:191,1
DA:193,1
DA:194,1
DA:196,1
DA:198,1
DA:199,1
DA:202,3
DA:210,2
DA:212,1
DA:213,0
LF:80
LH:70
end_of_record
SF:lib\features\search\presentation\viewmodels\search_state.dart
DA:11,3
DA:13,0
DA:14,0
DA:19,1
DA:24,1
DA:29,1
DA:34,2
DA:38,0
DA:39,0
DA:47,2
DA:61,0
DA:62,0
LF:12
LH:6
end_of_record
SF:lib\features\search\presentation\viewmodels\search_view_model.dart
DA:18,3
DA:36,6
DA:37,0
DA:39,10
DA:43,2
DA:44,2
DA:45,3
DA:47,4
DA:48,1
DA:49,1
DA:53,12
DA:56,2
DA:57,2
DA:58,2
DA:60,6
DA:61,2
DA:62,2
DA:63,4
DA:64,4
DA:65,2
DA:66,2
DA:67,4
DA:68,8
DA:70,8
DA:77,1
DA:78,1
DA:79,3
DA:83,1
DA:84,2
DA:86,2
DA:87,4
DA:88,1
DA:90,1
DA:91,1
DA:92,1
DA:93,2
DA:94,2
DA:95,3
DA:96,2
DA:98,0
DA:103,0
DA:104,0
DA:107,0
DA:110,4
DA:111,4
DA:112,2
DA:113,2
DA:114,2
DA:117,2
DA:118,2
DA:119,2
DA:120,2
DA:121,2
DA:122,4
DA:125,1
DA:126,1
DA:127,1
DA:130,2
DA:131,2
DA:132,2
DA:135,1
DA:137,1
DA:138,1
LF:63
LH:58
end_of_record
SF:lib\features\search\data\repositories\book_detail_repository_impl.dart
DA:13,1
DA:17,1
DA:20,2
DA:21,2
DA:22,1
DA:23,1
DA:24,1
DA:25,1
DA:27,1
DA:29,2
LF:10
LH:10
end_of_record
SF:lib\app.dart
DA:15,1
DA:19,1
DA:21,1
DA:22,2
DA:23,1
DA:26,1
DA:27,1
LF:7
LH:7
end_of_record
SF:lib\core\di\app_providers.dart
DA:27,2
DA:28,1
DA:29,2
DA:30,2
DA:32,1
DA:33,2
DA:34,1
DA:35,1
DA:37,1
DA:38,1
DA:41,1
DA:42,0
DA:43,0
DA:44,0
DA:48,1
DA:49,0
DA:50,0
DA:53,1
DA:54,1
DA:55,2
DA:57,1
DA:58,0
DA:59,0
DA:60,0
DA:63,0
LF:25
LH:16
end_of_record
SF:lib\core\theme\app_theme.dart
DA:9,2
DA:11,2
DA:13,1
DA:14,1
DA:18,1
LF:5
LH:5
end_of_record
